<?xml version="1.0" encoding="UTF-8"?>
<!-- Generated by org.testng.reporters.JUnitReportReporter -->
<testsuite hostname="DESKTOP-E4GHCF6" failures="0" tests="1" name="com.inetbanking.testcases.TC_AddCustomerTest_003" time="18.951" errors="0" timestamp="2022-10-13T11:34:29 GMT-07:00" skipped="0">
  <testcase classname="com.inetbanking.testcases.TC_AddCustomerTest_003" name="addNewCustomer" time="18.951"/>
  <system-out/>
</testsuite> <!-- com.inetbanking.testcases.TC_AddCustomerTest_003 -->
