<?xml version="1.0" encoding="UTF-8"?>
<!-- Generated by org.testng.reporters.JUnitReportReporter -->
<testsuite hostname="DESKTOP-E4GHCF6" failures="0" tests="1" name="com.inetbanking.testcases.TC_LoginTest_001" time="2.932" errors="0" timestamp="2022-10-13T11:35:37 GMT-07:00" skipped="0">
  <testcase classname="com.inetbanking.testcases.TC_LoginTest_001" name="loginTest" time="2.932"/>
  <system-out/>
</testsuite> <!-- com.inetbanking.testcases.TC_LoginTest_001 -->
